<?xml version="1.0" encoding="UTF-8"?>
<!-- Generated by org.testng.reporters.JUnitReportReporter -->
<testsuite hostname="DESKTOP-7LCSMC0" failures="0" tests="1" name="tests.TestNg.TestNgClass" time="3.978" errors="0" timestamp="2023-01-18T13:26:10 IST" skipped="0">
  <testcase classname="tests.TestNg.TestNgClass" name="install" time="3.978"/>
  <system-out/>
</testsuite> <!-- tests.TestNg.TestNgClass -->
