<?xml version="1.0" encoding="UTF-8"?>
<!-- Generated by org.testng.reporters.JUnitReportReporter -->
<testsuite hostname="DESKTOP-7LCSMC0" failures="0" tests="1" name="tests.TestNgClass" time="23.867" errors="0" timestamp="2023-01-19T17:40:51 IST" skipped="0">
  <testcase classname="tests.TestNgClass" name="BookAppointment" time="23.867"/>
  <system-out/>
</testsuite> <!-- tests.TestNgClass -->
